This file contains any messages produced by compilers while
running configure, to aid debugging if configure makes a mistake.

configure:734: checking for gcc
configure:847: checking whether the C compiler (gcc  ) works
configure:863: gcc -o conftest    conftest.c  1>&5
configure:889: checking whether the C compiler (gcc  ) is a cross-compiler
configure:894: checking whether we are using GNU C
configure:903: gcc -E conftest.c
configure:922: checking whether gcc accepts -g
configure:955: checking whether gcc and cc understand -c and -o together
configure:970: gcc -c conftest.c -o conftest.o 1>&5
configure:971: gcc -c conftest.c -o conftest.o 1>&5
configure:976: cc -c conftest.c 1>&5
configure:978: cc -c conftest.c -o conftest.o 1>&5
configure:979: cc -c conftest.c -o conftest.o 1>&5
configure:1042: checking for PHP prefix
configure:1045: checking for PHP includes
configure:1048: checking for PHP extension directory
configure:1063: checking whether to enable libsms support
configure:1356: checking for Cygwin environment
configure:1372: gcc -c -g -O2  conftest.c 1>&5
configure: In function `main':
configure:1368: `__CYGWIN32__' undeclared (first use in this function)
configure:1368: (Each undeclared identifier is reported only once
configure:1368: for each function it appears in.)
configure: failed program was:
#line 1361 "configure"
#include "confdefs.h"

int main() {

#ifndef __CYGWIN__
#define __CYGWIN__ __CYGWIN32__
#endif
return __CYGWIN__;
; return 0; }
configure:1389: checking for mingw32 environment
configure:1401: gcc -c -g -O2  conftest.c 1>&5
configure: In function `main':
configure:1397: `__MINGW32__' undeclared (first use in this function)
configure:1397: (Each undeclared identifier is reported only once
configure:1397: for each function it appears in.)
configure: failed program was:
#line 1394 "configure"
#include "confdefs.h"

int main() {
return __MINGW32__;
; return 0; }
configure:1418: checking how to run the C preprocessor
configure:1439: gcc -E  conftest.c >/dev/null 2>conftest.out
configure:1573: checking host system type
configure:1594: checking build system type
configure:1623: checking for ld used by GCC
configure:1691: checking if the linker (/usr/bin/ld) is GNU ld
GNU ld version 2.11.93.0.2 20020207
configure:1708: checking for /usr/bin/ld option to reload object files
configure:1720: checking for BSD-compatible nm
configure:1758: checking whether ln -s works
configure:1779: checking how to recognise dependant libraries
configure:1962: checking for object suffix
configure:1968: gcc -c -g -O2  conftest.c 1>&5
configure:1988: checking for executable suffix
configure:1998: gcc -o conftest -g -O2   conftest.c  1>&5
configure:2029: checking command to parse /usr/bin/nm -B output
configure:2109: gcc -c -g -O2  conftest.c 1>&5
configure:2112: /usr/bin/nm -B conftest.o | sed -n -e 's/^.*[ ]\([ABCDGISTW][ABCDGISTW]*\)[ ][ ]*\(\)\([_A-Za-z][_A-Za-z0-9]*\)$/\1 \2\3 \3/p' > conftest.nm
configure:2163: gcc -o conftest -g -O2   conftest.c conftstm.o 1>&5
configure:2212: checking for dlfcn.h
configure:2222: gcc -E  conftest.c >/dev/null 2>conftest.out
configure:2390: checking for ranlib
configure:2457: checking for strip
configure:2700: checking for objdir
configure:2727: checking for gcc option to produce PIC
configure:2879: checking if gcc PIC flag -fPIC works
configure:2893: gcc -c -g -O2 -fPIC -DPIC  conftest.c 1>&5
configure:2945: checking if gcc static flag -static works
configure:2960: gcc -o conftest -g -O2   -static conftest.c  1>&5
configure:2987: checking if gcc supports -c -o file.o
configure:3006: gcc -c -g -O2 -o out/conftest2.o  conftest.c 1>&5
configure:3035: checking if gcc supports -c -o file.lo
configure:3053: gcc -c -g -O2 -c -o conftest.lo  conftest.c 1>&5
configure:3103: checking if gcc supports -fno-rtti -fno-exceptions
configure:3116: gcc -c -g -O2 -fno-rtti -fno-exceptions -c conftest.c  conftest.c 1>&5
configure:3143: checking whether the linker (/usr/bin/ld) supports shared libraries
configure:3827: checking how to hardcode library paths into programs
configure:3855: checking whether stripping libraries is possible
configure:3869: checking dynamic linker characteristics
configure:4266: checking if libtool supports shared libraries
configure:4270: checking whether to build shared libraries
configure:4293: checking whether to build static libraries
configure:4829: checking whether -lc should be explicitly linked in
configure:4836: gcc -c -g -O2  conftest.c 1>&5
configure:4849: gcc -shared conftest.o  -v -Wl,-soname -Wl,conftest -o conftest 2>&1 | grep  -lc  >/dev/null 2>&1
configure:5514: checking for working mkdir -p
